ALGERIA|1992|49
ALGERIA|1993|48
ALGERIA|1994|54
ALGERIA|1995|58
ALGERIA|1996|53
ALGERIA|1997|61
ALGERIA|1998|34
ARGENTINA|1992|49
ARGENTINA|1993|59
ARGENTINA|1994|65
ARGENTINA|1995|44
ARGENTINA|1996|48
ARGENTINA|1997|54
ARGENTINA|1998|36
BRAZIL|1992|39
BRAZIL|1993|41
BRAZIL|1994|39
BRAZIL|1995|36
BRAZIL|1996|39
BRAZIL|1997|28
BRAZIL|1998|21
CANADA|1992|55
CANADA|1993|57
CANADA|1994|48
CANADA|1995|55
CANADA|1996|53
CANADA|1997|59
CANADA|1998|38
CHINA|1992|131
CHINA|1993|136
CHINA|1994|124
CHINA|1995|144
CHINA|1996|131
CHINA|1997|123
CHINA|1998|94
EGYPT|1992|96
EGYPT|1993|100
EGYPT|1994|122
EGYPT|1995|88
EGYPT|1996|99
EGYPT|1997|99
EGYPT|1998|67
ETHIOPIA|1992|55
ETHIOPIA|1993|48
ETHIOPIA|1994|48
ETHIOPIA|1995|39
ETHIOPIA|1996|48
ETHIOPIA|1997|45
ETHIOPIA|1998|30
FRANCE|1992|39
FRANCE|1993|44
FRANCE|1994|45
FRANCE|1995|39
FRANCE|1996|39
FRANCE|1997|40
FRANCE|1998|11
GERMANY|1992|84
GERMANY|1993|102
GERMANY|1994|87
GERMANY|1995|91
GERMANY|1996|92
GERMANY|1997|85
GERMANY|1998|53
INDIA|1992|102
INDIA|1993|92
INDIA|1994|91
INDIA|1995|94
INDIA|1996|87
INDIA|1997|90
INDIA|1998|80
INDONESIA|1992|89
INDONESIA|1993|107
INDONESIA|1994|100
INDONESIA|1995|92
INDONESIA|1996|83
INDONESIA|1997|82
INDONESIA|1998|46
IRAN|1992|35
IRAN|1993|34
IRAN|1994|38
IRAN|1995|33
IRAN|1996|30
IRAN|1997|31
IRAN|1998|13
IRAQ|1992|32
IRAQ|1993|39
IRAQ|1994|36
IRAQ|1995|34
IRAQ|1996|38
IRAQ|1997|40
IRAQ|1998|16
JAPAN|1992|84
JAPAN|1993|81
JAPAN|1994|67
JAPAN|1995|77
JAPAN|1996|72
JAPAN|1997|80
JAPAN|1998|44
JORDAN|1992|16
JORDAN|1993|13
JORDAN|1994|19
JORDAN|1995|17
JORDAN|1996|27
JORDAN|1997|21
JORDAN|1998|11
KENYA|1992|104
KENYA|1993|105
KENYA|1994|100
KENYA|1995|99
KENYA|1996|106
KENYA|1997|112
KENYA|1998|73
MOROCCO|1992|36
MOROCCO|1993|42
MOROCCO|1994|35
MOROCCO|1995|35
MOROCCO|1996|32
MOROCCO|1997|33
MOROCCO|1998|10
MOZAMBIQUE|1992|109
MOZAMBIQUE|1993|136
MOZAMBIQUE|1994|121
MOZAMBIQUE|1995|111
MOZAMBIQUE|1996|126
MOZAMBIQUE|1997|127
MOZAMBIQUE|1998|72
PERU|1992|52
PERU|1993|76
PERU|1994|72
PERU|1995|67
PERU|1996|81
PERU|1997|66
PERU|1998|36
ROMANIA|1992|81
ROMANIA|1993|105
ROMANIA|1994|92
ROMANIA|1995|74
ROMANIA|1996|95
ROMANIA|1997|86
ROMANIA|1998|56
RUSSIA|1992|73
RUSSIA|1993|97
RUSSIA|1994|113
RUSSIA|1995|79
RUSSIA|1996|87
RUSSIA|1997|76
RUSSIA|1998|44
SAUDI ARABIA|1992|13
SAUDI ARABIA|1993|14
SAUDI ARABIA|1994|24
SAUDI ARABIA|1995|11
SAUDI ARABIA|1996|24
SAUDI ARABIA|1997|18
SAUDI ARABIA|1998|17
UNITED KINGDOM|1992|55
UNITED KINGDOM|1993|64
UNITED KINGDOM|1994|49
UNITED KINGDOM|1995|55
UNITED KINGDOM|1996|56
UNITED KINGDOM|1997|56
UNITED KINGDOM|1998|37
UNITED STATES|1992|134
UNITED STATES|1993|157
UNITED STATES|1994|153
UNITED STATES|1995|114
UNITED STATES|1996|138
UNITED STATES|1997|125
UNITED STATES|1998|76
VIETNAM|1992|86
VIETNAM|1993|120
VIETNAM|1994|114
VIETNAM|1995|102
VIETNAM|1996|108
VIETNAM|1997|125
VIETNAM|1998|80
