Supplier#000000012|1432.69
Supplier#000000039|6115.65
Supplier#000000060|4515.8
Supplier#000000061|6096.58
Supplier#000000023|5926.41
Supplier#000000045|2944.23
Supplier#000000050|4515.87
Supplier#000000051|7241.4
Supplier#000000089|1638.02
Supplier#000000043|7773.41
Supplier#000000054|2733.69
Supplier#000000096|3437.24
Supplier#000000011|3393.08
Supplier#000000027|1887.62
Supplier#000000041|6942.67
Supplier#000000072|7014.5
Supplier#000000099|3671.34
Supplier#000000035|4381.41
Supplier#000000068|5119.38
Supplier#000000098|5873.07
Supplier#000000100|3191.7
