ECONOMY ANODIZED BRASS|0.1
ECONOMY ANODIZED COPPER|0.1
ECONOMY ANODIZED NICKEL|0.1
ECONOMY ANODIZED STEEL|0.1
ECONOMY ANODIZED TIN|0.1
ECONOMY BRUSHED BRASS|0.1
ECONOMY BRUSHED COPPER|0.1
ECONOMY BRUSHED NICKEL|0.1
ECONOMY BRUSHED STEEL|0.1
ECONOMY BRUSHED TIN|0.1
ECONOMY BURNISHED BRASS|0.1
ECONOMY BURNISHED COPPER|0.1
ECONOMY BURNISHED NICKEL|0.1
ECONOMY BURNISHED STEEL|0.1
ECONOMY BURNISHED TIN|0.1
ECONOMY PLATED BRASS|0.1
ECONOMY PLATED COPPER|0.1
ECONOMY PLATED NICKEL|0.1
ECONOMY PLATED STEEL|0.1
ECONOMY PLATED TIN|0.1
ECONOMY POLISHED BRASS|0.1
ECONOMY POLISHED COPPER|0.1
ECONOMY POLISHED NICKEL|0.1
ECONOMY POLISHED STEEL|0.1
ECONOMY POLISHED TIN|0.1
