AFRICA|AFRICA|92118197.8399999
AFRICA|AMERICA|87492965.7700001
AFRICA|ASIA|88215215.8000001
AFRICA|EUROPE|77487569.8900001
AFRICA|MIDDLE EAST|98118877.9399999
AMERICA|AFRICA|91306880.3
AMERICA|AMERICA|83115711.26
AMERICA|ASIA|84695803.61
AMERICA|EUROPE|80814964.6000001
AMERICA|MIDDLE EAST|91485036.12
ASIA|AFRICA|123780480.31
ASIA|AMERICA|114950613.61
ASIA|ASIA|111807102.63
ASIA|EUROPE|105103358.39
ASIA|MIDDLE EAST|133264781.3
EUROPE|AFRICA|90416946.8799998
EUROPE|AMERICA|83603094.69
EUROPE|ASIA|84074750.2099998
EUROPE|EUROPE|77892495.89
EUROPE|MIDDLE EAST|96361839.34
MIDDLE EAST|AFRICA|52687760.63
MIDDLE EAST|AMERICA|49379514.6799999
MIDDLE EAST|ASIA|48795708.3900001
MIDDLE EAST|EUROPE|49564702.7100001
MIDDLE EAST|MIDDLE EAST|55655387.68
