Customer#000000062|5
Customer#000000071|1
Customer#000000136|4
Customer#000000161|1
Customer#000000202|5
Customer#000000212|3
Customer#000000257|1
Customer#000000283|5
Customer#000000301|6
Customer#000000379|4
Customer#000000388|1
Customer#000000397|2
Customer#000000559|5
Customer#000000637|2
Customer#000000731|1
Customer#000000922|2
Customer#000000983|1
Customer#000001043|2
Customer#000001213|4
Customer#000001249|1
Customer#000001291|2
Customer#000001324|2
Customer#000001325|1
Customer#000001444|2
Customer#000001463|1
Customer#000001469|2
Customer#000001478|1
Customer#000001480|3
