Manufacturer#1|1-URGENT|2293
Manufacturer#1|2-HIGH|2391
Manufacturer#1|3-MEDIUM|2347
Manufacturer#1|4-NOT SPECIFIED|2351
Manufacturer#1|5-LOW|2271
Manufacturer#2|1-URGENT|2383
Manufacturer#2|2-HIGH|2398
Manufacturer#2|3-MEDIUM|2316
Manufacturer#2|4-NOT SPECIFIED|2417
Manufacturer#2|5-LOW|2293
Manufacturer#3|1-URGENT|2505
Manufacturer#3|2-HIGH|2628
Manufacturer#3|3-MEDIUM|2428
Manufacturer#3|4-NOT SPECIFIED|2653
Manufacturer#3|5-LOW|2563
Manufacturer#4|1-URGENT|2408
Manufacturer#4|2-HIGH|2463
Manufacturer#4|3-MEDIUM|2403
Manufacturer#4|4-NOT SPECIFIED|2409
Manufacturer#4|5-LOW|2417
Manufacturer#5|1-URGENT|2425
Manufacturer#5|2-HIGH|2385
Manufacturer#5|3-MEDIUM|2314
Manufacturer#5|4-NOT SPECIFIED|2355
Manufacturer#5|5-LOW|2359
