AFRICA|AFRICA|1995|13303665.3873
AFRICA|AFRICA|1996|14161191.5917
AFRICA|AMERICA|1995|13435472.8414
AFRICA|AMERICA|1996|12527574.125
AFRICA|ASIA|1995|11245111.6764
AFRICA|ASIA|1996|11415726.8856
AFRICA|EUROPE|1995|9830423.67819999
AFRICA|EUROPE|1996|10943945.1167
AFRICA|MIDDLE EAST|1995|11694946.2459
AFRICA|MIDDLE EAST|1996|15094647.549
AMERICA|AFRICA|1995|14057038.116
AMERICA|AFRICA|1996|12671695.6592
AMERICA|AMERICA|1995|11894753.8247
AMERICA|AMERICA|1996|12545861.8983
AMERICA|ASIA|1995|11129912.5105
AMERICA|ASIA|1996|12449058.9155
AMERICA|EUROPE|1995|10649516.6232
AMERICA|EUROPE|1996|11584605.2256
AMERICA|MIDDLE EAST|1995|12240604.5441
AMERICA|MIDDLE EAST|1996|13487616.0706
ASIA|AFRICA|1995|19161864.7718
ASIA|AFRICA|1996|17948728.9726
ASIA|AMERICA|1995|17942276.6226
ASIA|AMERICA|1996|17899534.5052
ASIA|ASIA|1995|16937178.0719
ASIA|ASIA|1996|15622261.5685
ASIA|EUROPE|1995|14419283.7996
ASIA|EUROPE|1996|14424019.0653
ASIA|MIDDLE EAST|1995|16527283.6317
ASIA|MIDDLE EAST|1996|19773282.8704
EUROPE|AFRICA|1995|13527220.4273
EUROPE|AFRICA|1996|12825964.4915
EUROPE|AMERICA|1995|10867938.5314
EUROPE|AMERICA|1996|11630433.8056
EUROPE|ASIA|1995|11250758.6103
EUROPE|ASIA|1996|12709779.1403
EUROPE|EUROPE|1995|10635597.884
EUROPE|EUROPE|1996|10997066.6024
EUROPE|MIDDLE EAST|1995|13260956.7323
EUROPE|MIDDLE EAST|1996|14075469.0249
MIDDLE EAST|AFRICA|1995|8770434.7473
MIDDLE EAST|AFRICA|1996|7595007.0045
MIDDLE EAST|AMERICA|1995|7336665.61930001
MIDDLE EAST|AMERICA|1996|8110707.5254
MIDDLE EAST|ASIA|1995|5572786.1901
MIDDLE EAST|ASIA|1996|6951258.4065
MIDDLE EAST|EUROPE|1995|7096649.4117
MIDDLE EAST|EUROPE|1996|6699227.5742
MIDDLE EAST|MIDDLE EAST|1995|7636363.6364
MIDDLE EAST|MIDDLE EAST|1996|8676726.3178
