Supplier#000000001|44|408.28
Supplier#000000001|46|122.03
Supplier#000000003|22|67.7
Supplier#000000003|3|115.12
Supplier#000000003|40|157.38
Supplier#000000008|39|115.82
Supplier#000000010|12|84.2
Supplier#000000010|13|21.78
Supplier#000000010|6|44.81
Supplier#000000010|8|272.16
Supplier#000000013|1|37.33
Supplier#000000013|19|62.6
Supplier#000000013|32|195.33
Supplier#000000019|10|80.86
Supplier#000000019|27|316.61
Supplier#000000019|31|20.52
Supplier#000000020|25|182.79
Supplier#000000020|48|407.59
Supplier#000000020|5|275.37
Supplier#000000021|29|20.46
Supplier#000000029|11|247.64
Supplier#000000029|17|217.37
Supplier#000000029|7|45.01
Supplier#000000046|2|14.26
Supplier#000000046|24|121.25
Supplier#000000046|42|108.02
Supplier#000000046|45|32.75
Supplier#000000046|9|159.02
Supplier#000000049|20|177.4
Supplier#000000049|26|309.83
Supplier#000000049|33|558.81
Supplier#000000055|16|26.31
Supplier#000000057|36|213.89
Supplier#000000057|38|44.67
Supplier#000000059|15|657.14
Supplier#000000059|18|150.28
Supplier#000000059|21|9.34
Supplier#000000059|28|392.66
Supplier#000000059|30|259.3
Supplier#000000059|41|8.93
Supplier#000000064|37|425.34
Supplier#000000071|14|85.1
Supplier#000000084|47|66.91
Supplier#000000084|50|18.72
Supplier#000000087|23|100.27
Supplier#000000087|4|60.71
Supplier#000000091|35|14.18
Supplier#000000091|49|409.38
Supplier#000000092|34|13.93
Supplier#000000092|43|304.18
